<?xml version="1.0" encoding="UTF-8" ?>
<testsuite tests="15" failures="0" name="tictactoe.TicTacToeTest" time="0.374" errors="0" skipped="0">
  <properties>
[...]
</properties>
  <testcase classname="tictactoe.TicTacToeTest" name="givenACertainMoves_whenPlay_thenNoWinners" time="0.231"/>
  <testcase classname="tictactoe.TicTacToeTest" name="givenOHasPlayedAllHorizontalLines_whenPlay_thenPlayerOIsTheWinner" time="0.014"/>
  <testcase classname="tictactoe.TicTacToeTest" name="givenAColumnIsOutsideOfBoard_whenPlay_thenRuntimeExceptionIsThrown" time="0.018"/>
  <testcase classname="tictactoe.TicTacToeTest" name="givenXHasPlayedAllVerticalLines_whenPlay_thenPlayerXIsTheWinner" time="0.013"/>
  <testcase classname="tictactoe.TicTacToeTest" name="givenSecondTurn_whenNextPlayer_thenItShouldBePlayerY" time="0.015"/>
  <testcase classname="tictactoe.TicTacToeTest" name="givenSecondRound_whenNextPlayer_thenItShouldBePlayerX" time="0.009"/>
  <testcase classname="tictactoe.TicTacToeTest" name="givenOHasPlayedFromBottomLeftToTopRight_whenPlay_thenPlayerOIsTheWinner" time="0.009"/>
  <testcase classname="tictactoe.TicTacToeTest" name="givenXHasPlayedFromBottomLeftToTopRight_whenPlay_thenPlayerXIsTheWinner" time="0.01"/>
  <testcase classname="tictactoe.TicTacToeTest" name="givenAPlay_whenSpotIsOccupied_thenRuntimeExceptionIsThrown" time="0.01"/>
  <testcase classname="tictactoe.TicTacToeTest" name="givenAllSpotsAreFilled_whenPlay_thenTheResultIsDraw" time="0.005"/>
  <testcase classname="tictactoe.TicTacToeTest" name="givenOHasPlayedFromTopLeftToBottomRight_whenPlay_thenPlayerOIsTheWinner" time="0.011"/>
  <testcase classname="tictactoe.TicTacToeTest" name="givenXHasPlayedFromTopLeftToBottomRight_whenPlay_thenPlayerXIsTheWinner" time="0.008"/>
  <testcase classname="tictactoe.TicTacToeTest" name="givenXHasPlayedAllHorizontalLines_whenPlay_thenPlayerXIsTheWinner" time="0.009"/>
  <testcase classname="tictactoe.TicTacToeTest" name="givenFirstTurn_whenNextPlayer_thenItShouldBePlayerX" time="0.006"/>
  <testcase classname="tictactoe.TicTacToeTest" name="givenOHasPlayedAllVerticalLines_whenPlay_thenPlayerOIsTheWinner" time="0.006"/>
</testsuite>